{"numTotalTestSuites":2,"numPassedTestSuites":2,"numFailedTestSuites":0,"numPendingTestSuites":0,"numTotalTests":13,"numPassedTests":13,"numFailedTests":0,"numPendingTests":0,"numTodoTests":0,"snapshot":{"added":0,"failure":false,"filesAdded":0,"filesRemoved":0,"filesRemovedList":[],"filesUnmatched":0,"filesUpdated":0,"matched":0,"total":0,"unchecked":0,"uncheckedKeysByFile":[],"unmatched":0,"updated":0,"didUpdate":false},"startTime":1786914894115,"success":true,"testResults":[{"assertionResults":[{"ancestorTitles":["Integration: Complete Season Flow"],"fullName":"Integration: Complete Season Flow initial state is valid and has fixtures","status":"passed","title":"initial state is valid and has fixtures","duration":4.455500000000029,"failureMessages":[],"meta":{},"tags":[]},{"ancestorTitles":["Integration: Complete Season Flow"],"fullName":"Integration: Complete Season Flow uses one canonical boot date across seeded and new-career flows","status":"passed","title":"uses one canonical boot date across seeded and new-career flows","duration":9.426100000000133,"failureMessages":[],"meta":{},"tags":[]},{"ancestorTitles":["Integration: Complete Season Flow"],"fullName":"Integration: Complete Season Flow can advance days until a matchday is triggered","status":"passed","title":"can advance days until a matchday is triggered","duration":6.080400000000282,"failureMessages":[],"meta":{},"tags":[]},{"ancestorTitles":["Integration: Complete Season Flow"],"fullName":"Integration: Complete Season Flow cannot advance day when pending fixture exists for today","status":"passed","title":"cannot advance day when pending fixture exists for today","duration":1.6838999999999942,"failureMessages":[],"meta":{},"tags":[]},{"ancestorTitles":["Integration: Complete Season Flow"],"fullName":"Integration: Complete Season Flow allows advancing when the pending fixture is not for today","status":"passed","title":"allows advancing when the pending fixture is not for today","duration":1.0592999999998938,"failureMessages":[],"meta":{},"tags":[]},{"ancestorTitles":["Integration: Complete Season Flow"],"fullName":"Integration: Complete Season Flow can record a match result for pending fixture","status":"passed","title":"can record a match result for pending fixture","duration":43.3764000000001,"failureMessages":[],"meta":{},"tags":[]},{"ancestorTitles":["Integration: Complete Season Flow"],"fullName":"Integration: Complete Season Flow match results apply morale/form effects to players","status":"passed","title":"match results apply morale/form effects to players","duration":42.848399999999856,"failureMessages":[],"meta":{},"tags":[]},{"ancestorTitles":["Integration: Complete Season Flow"],"fullName":"Integration: Complete Season Flow season eventually completes and transitions to next season","status":"passed","title":"season eventually completes and transitions to next season","duration":65204.8805,"failureMessages":[],"meta":{},"tags":[]},{"ancestorTitles":["Integration: Complete Season Flow"],"fullName":"Integration: Complete Season Flow season completion applies manager evaluation","status":"passed","title":"season completion applies manager evaluation","duration":52738.15849999999,"failureMessages":[],"meta":{},"tags":[]},{"ancestorTitles":["Integration: Complete Season Flow"],"fullName":"Integration: Complete Season Flow new season has fresh fixtures","status":"passed","title":"new season has fresh fixtures","duration":50363.9025,"failureMessages":[],"meta":{},"tags":[]},{"ancestorTitles":["Integration: Complete Season Flow"],"fullName":"Integration: Complete Season Flow no duplicate fixtures are created for same competition in same season","status":"passed","title":"no duplicate fixtures are created for same competition in same season","duration":1.2875000000058208,"failureMessages":[],"meta":{},"tags":[]},{"ancestorTitles":["Integration: Complete Season Flow"],"fullName":"Integration: Complete Season Flow club player references are consistent","status":"passed","title":"club player references are consistent","duration":1727.8867000000027,"failureMessages":[],"meta":{},"tags":[]},{"ancestorTitles":["Integration: Complete Season Flow"],"fullName":"Integration: Complete Season Flow no orphaned player or club references","status":"passed","title":"no orphaned player or club references","duration":40.07449999998789,"failureMessages":[],"meta":{},"tags":[]}],"startTime":1786914897615,"endTime":1786915067799.0745,"status":"passed","message":"","name":"C:/Users/adelr/Downloads/squad-hub-phase-d2.1-ai-decisions/src/state/integration-season-flow.test.ts"}]}